2017-11-28 09:15:08.210 [main] INFO  org.springframework.boot.test.context.SpringBootTestContextBootstrapper - Neither @ContextConfiguration nor @ContextHierarchy found for test class [com.dms.devops.ApplicationTest], using SpringBootContextLoader
2017-11-28 09:15:08.273 [main] INFO  org.springframework.test.context.support.AbstractContextLoader - Could not detect default resource locations for test class [com.dms.devops.ApplicationTest]: no resource found for suffixes {-context.xml, Context.groovy}.
2017-11-28 09:15:08.292 [main] INFO  org.springframework.test.context.support.AnnotationConfigContextLoaderUtils - Could not detect default configuration classes for test class [com.dms.devops.ApplicationTest]: ApplicationTest does not declare any static, non-private, non-final, nested classes annotated with @Configuration.
2017-11-28 09:15:08.650 [main] INFO  org.springframework.boot.test.context.SpringBootTestContextBootstrapper - Found @SpringBootConfiguration com.dms.devops.Application for test class com.dms.devops.ApplicationTest
2017-11-28 09:15:08.657 [main] INFO  org.springframework.boot.test.context.SpringBootTestContextBootstrapper - Loaded default TestExecutionListener class names from location [META-INF/spring.factories]: [org.springframework.boot.test.mock.mockito.MockitoTestExecutionListener, org.springframework.boot.test.mock.mockito.ResetMocksTestExecutionListener, org.springframework.boot.test.autoconfigure.restdocs.RestDocsTestExecutionListener, org.springframework.boot.test.autoconfigure.web.client.MockRestServiceServerResetTestExecutionListener, org.springframework.boot.test.autoconfigure.web.servlet.MockMvcPrintOnlyOnFailureTestExecutionListener, org.springframework.boot.test.autoconfigure.web.servlet.WebDriverTestExecutionListener, org.springframework.test.context.web.ServletTestExecutionListener, org.springframework.test.context.support.DirtiesContextBeforeModesTestExecutionListener, org.springframework.test.context.support.DependencyInjectionTestExecutionListener, org.springframework.test.context.support.DirtiesContextTestExecutionListener, org.springframework.test.context.transaction.TransactionalTestExecutionListener, org.springframework.test.context.jdbc.SqlScriptsTestExecutionListener]
2017-11-28 09:15:08.692 [main] INFO  org.springframework.boot.test.context.SpringBootTestContextBootstrapper - Could not instantiate TestExecutionListener [org.springframework.test.context.transaction.TransactionalTestExecutionListener]. Specify custom listener classes or make the default listener classes (and their required dependencies) available. Offending class: [org/springframework/transaction/interceptor/TransactionAttributeSource]
2017-11-28 09:15:08.695 [main] INFO  org.springframework.boot.test.context.SpringBootTestContextBootstrapper - Could not instantiate TestExecutionListener [org.springframework.test.context.jdbc.SqlScriptsTestExecutionListener]. Specify custom listener classes or make the default listener classes (and their required dependencies) available. Offending class: [org/springframework/transaction/interceptor/TransactionAttribute]
2017-11-28 09:15:08.697 [main] INFO  org.springframework.boot.test.context.SpringBootTestContextBootstrapper - Using TestExecutionListeners: [org.springframework.test.context.web.ServletTestExecutionListener@69e1dd28, org.springframework.test.context.support.DirtiesContextBeforeModesTestExecutionListener@11bd0f3b, org.springframework.boot.test.autoconfigure.SpringBootDependencyInjectionTestExecutionListener@c333c60, org.springframework.test.context.support.DirtiesContextTestExecutionListener@79da8dc5, org.springframework.boot.test.autoconfigure.web.servlet.MockMvcPrintOnlyOnFailureTestExecutionListener@1eb5174b, org.springframework.boot.test.autoconfigure.web.servlet.WebDriverTestExecutionListener@67080771, org.springframework.boot.test.mock.mockito.MockitoTestExecutionListener@72cde7cc, org.springframework.boot.test.autoconfigure.web.client.MockRestServiceServerResetTestExecutionListener@5fd4f8f5, org.springframework.boot.test.autoconfigure.restdocs.RestDocsTestExecutionListener@696da30b, org.springframework.boot.test.mock.mockito.ResetMocksTestExecutionListener@4e7912d8]
2017-11-28 09:15:08.706 [main] INFO  org.springframework.boot.test.context.SpringBootTestContextBootstrapper - Neither @ContextConfiguration nor @ContextHierarchy found for test class [com.dms.devops.HttpRequestTest], using SpringBootContextLoader
2017-11-28 09:15:08.707 [main] INFO  org.springframework.test.context.support.AbstractContextLoader - Could not detect default resource locations for test class [com.dms.devops.HttpRequestTest]: no resource found for suffixes {-context.xml, Context.groovy}.
2017-11-28 09:15:08.710 [main] INFO  org.springframework.test.context.support.AnnotationConfigContextLoaderUtils - Could not detect default configuration classes for test class [com.dms.devops.HttpRequestTest]: HttpRequestTest does not declare any static, non-private, non-final, nested classes annotated with @Configuration.
2017-11-28 09:15:08.721 [main] INFO  org.springframework.boot.test.context.SpringBootTestContextBootstrapper - Found @SpringBootConfiguration com.dms.devops.Application for test class com.dms.devops.HttpRequestTest
2017-11-28 09:15:08.727 [main] INFO  org.springframework.boot.test.context.SpringBootTestContextBootstrapper - Loaded default TestExecutionListener class names from location [META-INF/spring.factories]: [org.springframework.boot.test.mock.mockito.MockitoTestExecutionListener, org.springframework.boot.test.mock.mockito.ResetMocksTestExecutionListener, org.springframework.boot.test.autoconfigure.restdocs.RestDocsTestExecutionListener, org.springframework.boot.test.autoconfigure.web.client.MockRestServiceServerResetTestExecutionListener, org.springframework.boot.test.autoconfigure.web.servlet.MockMvcPrintOnlyOnFailureTestExecutionListener, org.springframework.boot.test.autoconfigure.web.servlet.WebDriverTestExecutionListener, org.springframework.test.context.web.ServletTestExecutionListener, org.springframework.test.context.support.DirtiesContextBeforeModesTestExecutionListener, org.springframework.test.context.support.DependencyInjectionTestExecutionListener, org.springframework.test.context.support.DirtiesContextTestExecutionListener, org.springframework.test.context.transaction.TransactionalTestExecutionListener, org.springframework.test.context.jdbc.SqlScriptsTestExecutionListener]
2017-11-28 09:15:08.732 [main] INFO  org.springframework.boot.test.context.SpringBootTestContextBootstrapper - Could not instantiate TestExecutionListener [org.springframework.test.context.transaction.TransactionalTestExecutionListener]. Specify custom listener classes or make the default listener classes (and their required dependencies) available. Offending class: [org/springframework/transaction/interceptor/TransactionAttributeSource]
2017-11-28 09:15:08.735 [main] INFO  org.springframework.boot.test.context.SpringBootTestContextBootstrapper - Could not instantiate TestExecutionListener [org.springframework.test.context.jdbc.SqlScriptsTestExecutionListener]. Specify custom listener classes or make the default listener classes (and their required dependencies) available. Offending class: [org/springframework/transaction/interceptor/TransactionAttribute]
2017-11-28 09:15:08.736 [main] INFO  org.springframework.boot.test.context.SpringBootTestContextBootstrapper - Using TestExecutionListeners: [org.springframework.test.context.web.ServletTestExecutionListener@2053d869, org.springframework.test.context.support.DirtiesContextBeforeModesTestExecutionListener@7a419da4, org.springframework.boot.test.autoconfigure.SpringBootDependencyInjectionTestExecutionListener@14555e0a, org.springframework.test.context.support.DirtiesContextTestExecutionListener@4bb33f74, org.springframework.boot.test.autoconfigure.web.servlet.MockMvcPrintOnlyOnFailureTestExecutionListener@759d26fb, org.springframework.boot.test.autoconfigure.web.servlet.WebDriverTestExecutionListener@3c73951, org.springframework.boot.test.mock.mockito.MockitoTestExecutionListener@3d5c822d, org.springframework.boot.test.autoconfigure.web.client.MockRestServiceServerResetTestExecutionListener@6f46426d, org.springframework.boot.test.autoconfigure.restdocs.RestDocsTestExecutionListener@73700b80, org.springframework.boot.test.mock.mockito.ResetMocksTestExecutionListener@49c7b90e]
2017-11-28 09:15:08.742 [main] INFO  org.springframework.boot.test.context.SpringBootTestContextBootstrapper - Neither @ContextConfiguration nor @ContextHierarchy found for test class [com.dms.devops.SmokeTest], using SpringBootContextLoader
2017-11-28 09:15:08.743 [main] INFO  org.springframework.test.context.support.AbstractContextLoader - Could not detect default resource locations for test class [com.dms.devops.SmokeTest]: no resource found for suffixes {-context.xml, Context.groovy}.
2017-11-28 09:15:08.746 [main] INFO  org.springframework.test.context.support.AnnotationConfigContextLoaderUtils - Could not detect default configuration classes for test class [com.dms.devops.SmokeTest]: SmokeTest does not declare any static, non-private, non-final, nested classes annotated with @Configuration.
2017-11-28 09:15:08.750 [main] INFO  org.springframework.boot.test.context.SpringBootTestContextBootstrapper - Found @SpringBootConfiguration com.dms.devops.Application for test class com.dms.devops.SmokeTest
2017-11-28 09:15:08.755 [main] INFO  org.springframework.boot.test.context.SpringBootTestContextBootstrapper - Loaded default TestExecutionListener class names from location [META-INF/spring.factories]: [org.springframework.boot.test.mock.mockito.MockitoTestExecutionListener, org.springframework.boot.test.mock.mockito.ResetMocksTestExecutionListener, org.springframework.boot.test.autoconfigure.restdocs.RestDocsTestExecutionListener, org.springframework.boot.test.autoconfigure.web.client.MockRestServiceServerResetTestExecutionListener, org.springframework.boot.test.autoconfigure.web.servlet.MockMvcPrintOnlyOnFailureTestExecutionListener, org.springframework.boot.test.autoconfigure.web.servlet.WebDriverTestExecutionListener, org.springframework.test.context.web.ServletTestExecutionListener, org.springframework.test.context.support.DirtiesContextBeforeModesTestExecutionListener, org.springframework.test.context.support.DependencyInjectionTestExecutionListener, org.springframework.test.context.support.DirtiesContextTestExecutionListener, org.springframework.test.context.transaction.TransactionalTestExecutionListener, org.springframework.test.context.jdbc.SqlScriptsTestExecutionListener]
2017-11-28 09:15:08.759 [main] INFO  org.springframework.boot.test.context.SpringBootTestContextBootstrapper - Could not instantiate TestExecutionListener [org.springframework.test.context.transaction.TransactionalTestExecutionListener]. Specify custom listener classes or make the default listener classes (and their required dependencies) available. Offending class: [org/springframework/transaction/interceptor/TransactionAttributeSource]
2017-11-28 09:15:08.762 [main] INFO  org.springframework.boot.test.context.SpringBootTestContextBootstrapper - Could not instantiate TestExecutionListener [org.springframework.test.context.jdbc.SqlScriptsTestExecutionListener]. Specify custom listener classes or make the default listener classes (and their required dependencies) available. Offending class: [org/springframework/transaction/interceptor/TransactionAttribute]
2017-11-28 09:15:08.763 [main] INFO  org.springframework.boot.test.context.SpringBootTestContextBootstrapper - Using TestExecutionListeners: [org.springframework.test.context.web.ServletTestExecutionListener@7205765b, org.springframework.test.context.support.DirtiesContextBeforeModesTestExecutionListener@47987356, org.springframework.boot.test.autoconfigure.SpringBootDependencyInjectionTestExecutionListener@22ef9844, org.springframework.test.context.support.DirtiesContextTestExecutionListener@6283d8b8, org.springframework.boot.test.autoconfigure.web.servlet.MockMvcPrintOnlyOnFailureTestExecutionListener@3b6ddd1d, org.springframework.boot.test.autoconfigure.web.servlet.WebDriverTestExecutionListener@3f6b0be5, org.springframework.boot.test.mock.mockito.MockitoTestExecutionListener@611889f4, org.springframework.boot.test.autoconfigure.web.client.MockRestServiceServerResetTestExecutionListener@1da2cb77, org.springframework.boot.test.autoconfigure.restdocs.RestDocsTestExecutionListener@48f278eb, org.springframework.boot.test.mock.mockito.ResetMocksTestExecutionListener@2f217633]
2017-11-28 09:15:08.775 [main] INFO  org.springframework.boot.test.context.SpringBootTestContextBootstrapper - Neither @ContextConfiguration nor @ContextHierarchy found for test class [com.dms.devops.ApplicationTest], using SpringBootContextLoader
2017-11-28 09:15:08.778 [main] INFO  org.springframework.test.context.support.AbstractContextLoader - Could not detect default resource locations for test class [com.dms.devops.ApplicationTest]: no resource found for suffixes {-context.xml, Context.groovy}.
2017-11-28 09:15:08.780 [main] INFO  org.springframework.test.context.support.AnnotationConfigContextLoaderUtils - Could not detect default configuration classes for test class [com.dms.devops.ApplicationTest]: ApplicationTest does not declare any static, non-private, non-final, nested classes annotated with @Configuration.
2017-11-28 09:15:08.786 [main] INFO  org.springframework.boot.test.context.SpringBootTestContextBootstrapper - Found @SpringBootConfiguration com.dms.devops.Application for test class com.dms.devops.ApplicationTest
2017-11-28 09:15:08.792 [main] INFO  org.springframework.boot.test.context.SpringBootTestContextBootstrapper - Loaded default TestExecutionListener class names from location [META-INF/spring.factories]: [org.springframework.boot.test.mock.mockito.MockitoTestExecutionListener, org.springframework.boot.test.mock.mockito.ResetMocksTestExecutionListener, org.springframework.boot.test.autoconfigure.restdocs.RestDocsTestExecutionListener, org.springframework.boot.test.autoconfigure.web.client.MockRestServiceServerResetTestExecutionListener, org.springframework.boot.test.autoconfigure.web.servlet.MockMvcPrintOnlyOnFailureTestExecutionListener, org.springframework.boot.test.autoconfigure.web.servlet.WebDriverTestExecutionListener, org.springframework.test.context.web.ServletTestExecutionListener, org.springframework.test.context.support.DirtiesContextBeforeModesTestExecutionListener, org.springframework.test.context.support.DependencyInjectionTestExecutionListener, org.springframework.test.context.support.DirtiesContextTestExecutionListener, org.springframework.test.context.transaction.TransactionalTestExecutionListener, org.springframework.test.context.jdbc.SqlScriptsTestExecutionListener]
2017-11-28 09:15:08.796 [main] INFO  org.springframework.boot.test.context.SpringBootTestContextBootstrapper - Could not instantiate TestExecutionListener [org.springframework.test.context.transaction.TransactionalTestExecutionListener]. Specify custom listener classes or make the default listener classes (and their required dependencies) available. Offending class: [org/springframework/transaction/interceptor/TransactionAttributeSource]
2017-11-28 09:15:08.799 [main] INFO  org.springframework.boot.test.context.SpringBootTestContextBootstrapper - Could not instantiate TestExecutionListener [org.springframework.test.context.jdbc.SqlScriptsTestExecutionListener]. Specify custom listener classes or make the default listener classes (and their required dependencies) available. Offending class: [org/springframework/transaction/interceptor/TransactionAttribute]
2017-11-28 09:15:08.801 [main] INFO  org.springframework.boot.test.context.SpringBootTestContextBootstrapper - Using TestExecutionListeners: [org.springframework.test.context.web.ServletTestExecutionListener@2c1b194a, org.springframework.test.context.support.DirtiesContextBeforeModesTestExecutionListener@4dbb42b7, org.springframework.boot.test.autoconfigure.SpringBootDependencyInjectionTestExecutionListener@66f57048, org.springframework.test.context.support.DirtiesContextTestExecutionListener@550dbc7a, org.springframework.boot.test.autoconfigure.web.servlet.MockMvcPrintOnlyOnFailureTestExecutionListener@21282ed8, org.springframework.boot.test.autoconfigure.web.servlet.WebDriverTestExecutionListener@36916eb0, org.springframework.boot.test.mock.mockito.MockitoTestExecutionListener@7bab3f1a, org.springframework.boot.test.autoconfigure.web.client.MockRestServiceServerResetTestExecutionListener@437da279, org.springframework.boot.test.autoconfigure.restdocs.RestDocsTestExecutionListener@23c30a20, org.springframework.boot.test.mock.mockito.ResetMocksTestExecutionListener@1e1a0406]
2017-11-28 09:15:19.661 [background-preinit] INFO  org.hibernate.validator.internal.util.Version - HV000001: Hibernate Validator 5.3.5.Final
2017-11-28 09:15:24.318 [main] INFO  com.dms.devops.ApplicationTest - Starting ApplicationTest on DsMac.local with PID 97300 (started by diego in /Users/diego/Documents/Projects/MicroServicesProj1/SOA-Monolith/ms_orders)
2017-11-28 09:15:24.320 [main] INFO  com.dms.devops.ApplicationTest - No active profile set, falling back to default profiles: default
2017-11-28 09:15:24.372 [main] INFO  org.springframework.web.context.support.GenericWebApplicationContext - Refreshing org.springframework.web.context.support.GenericWebApplicationContext@57ad2aa7: startup date [Tue Nov 28 09:15:24 BRT 2017]; root of context hierarchy
2017-11-28 09:15:24.876 [main] INFO  org.springframework.beans.factory.support.DefaultListableBeanFactory - Overriding bean definition for bean 'requestContextFilter' with a different definition: replacing [Root bean: class [null]; scope=; abstract=false; lazyInit=false; autowireMode=3; dependencyCheck=0; autowireCandidate=true; primary=false; factoryBeanName=org.springframework.boot.autoconfigure.jersey.JerseyAutoConfiguration; factoryMethodName=requestContextFilter; initMethodName=null; destroyMethodName=(inferred); defined in class path resource [org/springframework/boot/autoconfigure/jersey/JerseyAutoConfiguration.class]] with [Root bean: class [org.springframework.boot.autoconfigure.web.WebMvcAutoConfiguration$WebMvcAutoConfigurationAdapter]; scope=; abstract=false; lazyInit=false; autowireMode=3; dependencyCheck=0; autowireCandidate=true; primary=false; factoryBeanName=null; factoryMethodName=requestContextFilter; initMethodName=null; destroyMethodName=(inferred); defined in class path resource [org/springframework/boot/autoconfigure/web/WebMvcAutoConfiguration$WebMvcAutoConfigurationAdapter.class]]
2017-11-28 09:15:25.165 [main] INFO  org.springframework.beans.factory.annotation.AutowiredAnnotationBeanPostProcessor - JSR-330 'javax.inject.Inject' annotation found and supported for autowiring
2017-11-28 09:15:26.166 [main] INFO  org.springframework.web.servlet.mvc.method.annotation.RequestMappingHandlerAdapter - Looking for @ControllerAdvice: org.springframework.web.context.support.GenericWebApplicationContext@57ad2aa7: startup date [Tue Nov 28 09:15:24 BRT 2017]; root of context hierarchy
2017-11-28 09:15:26.256 [main] INFO  org.springframework.web.servlet.mvc.method.annotation.RequestMappingHandlerMapping - Mapped "{[/error]}" onto public org.springframework.http.ResponseEntity<java.util.Map<java.lang.String, java.lang.Object>> org.springframework.boot.autoconfigure.web.BasicErrorController.error(javax.servlet.http.HttpServletRequest)
2017-11-28 09:15:26.259 [main] INFO  org.springframework.web.servlet.mvc.method.annotation.RequestMappingHandlerMapping - Mapped "{[/error],produces=[text/html]}" onto public org.springframework.web.servlet.ModelAndView org.springframework.boot.autoconfigure.web.BasicErrorController.errorHtml(javax.servlet.http.HttpServletRequest,javax.servlet.http.HttpServletResponse)
2017-11-28 09:15:26.294 [main] INFO  org.springframework.web.servlet.handler.SimpleUrlHandlerMapping - Mapped URL path [/webjars/**] onto handler of type [class org.springframework.web.servlet.resource.ResourceHttpRequestHandler]
2017-11-28 09:15:26.297 [main] INFO  org.springframework.web.servlet.handler.SimpleUrlHandlerMapping - Mapped URL path [/**] onto handler of type [class org.springframework.web.servlet.resource.ResourceHttpRequestHandler]
2017-11-28 09:15:26.345 [main] INFO  org.springframework.web.servlet.handler.SimpleUrlHandlerMapping - Mapped URL path [/**/favicon.ico] onto handler of type [class org.springframework.web.servlet.resource.ResourceHttpRequestHandler]
2017-11-28 09:15:26.504 [main] INFO  com.dms.devops.ApplicationTest - Started ApplicationTest in 17.556 seconds (JVM running for 52.656)
2017-11-28 09:15:26.578 [main] INFO  org.springframework.boot.test.context.SpringBootTestContextBootstrapper - Neither @ContextConfiguration nor @ContextHierarchy found for test class [com.dms.devops.HttpRequestTest], using SpringBootContextLoader
2017-11-28 09:15:26.581 [main] INFO  org.springframework.test.context.support.AbstractContextLoader - Could not detect default resource locations for test class [com.dms.devops.HttpRequestTest]: no resource found for suffixes {-context.xml, Context.groovy}.
2017-11-28 09:15:26.582 [main] INFO  org.springframework.test.context.support.AnnotationConfigContextLoaderUtils - Could not detect default configuration classes for test class [com.dms.devops.HttpRequestTest]: HttpRequestTest does not declare any static, non-private, non-final, nested classes annotated with @Configuration.
2017-11-28 09:15:26.588 [main] INFO  org.springframework.boot.test.context.SpringBootTestContextBootstrapper - Found @SpringBootConfiguration com.dms.devops.Application for test class com.dms.devops.HttpRequestTest
2017-11-28 09:15:26.591 [main] INFO  org.springframework.boot.test.context.SpringBootTestContextBootstrapper - Loaded default TestExecutionListener class names from location [META-INF/spring.factories]: [org.springframework.boot.test.mock.mockito.MockitoTestExecutionListener, org.springframework.boot.test.mock.mockito.ResetMocksTestExecutionListener, org.springframework.boot.test.autoconfigure.restdocs.RestDocsTestExecutionListener, org.springframework.boot.test.autoconfigure.web.client.MockRestServiceServerResetTestExecutionListener, org.springframework.boot.test.autoconfigure.web.servlet.MockMvcPrintOnlyOnFailureTestExecutionListener, org.springframework.boot.test.autoconfigure.web.servlet.WebDriverTestExecutionListener, org.springframework.test.context.web.ServletTestExecutionListener, org.springframework.test.context.support.DirtiesContextBeforeModesTestExecutionListener, org.springframework.test.context.support.DependencyInjectionTestExecutionListener, org.springframework.test.context.support.DirtiesContextTestExecutionListener, org.springframework.test.context.transaction.TransactionalTestExecutionListener, org.springframework.test.context.jdbc.SqlScriptsTestExecutionListener]
2017-11-28 09:15:26.596 [main] INFO  org.springframework.boot.test.context.SpringBootTestContextBootstrapper - Could not instantiate TestExecutionListener [org.springframework.test.context.transaction.TransactionalTestExecutionListener]. Specify custom listener classes or make the default listener classes (and their required dependencies) available. Offending class: [org/springframework/transaction/interceptor/TransactionAttributeSource]
2017-11-28 09:15:26.597 [main] INFO  org.springframework.boot.test.context.SpringBootTestContextBootstrapper - Could not instantiate TestExecutionListener [org.springframework.test.context.jdbc.SqlScriptsTestExecutionListener]. Specify custom listener classes or make the default listener classes (and their required dependencies) available. Offending class: [org/springframework/transaction/interceptor/TransactionAttribute]
2017-11-28 09:15:26.599 [main] INFO  org.springframework.boot.test.context.SpringBootTestContextBootstrapper - Using TestExecutionListeners: [org.springframework.test.context.web.ServletTestExecutionListener@4a05d8ae, org.springframework.test.context.support.DirtiesContextBeforeModesTestExecutionListener@3c904f1e, org.springframework.boot.test.autoconfigure.SpringBootDependencyInjectionTestExecutionListener@4eb30d44, org.springframework.test.context.support.DirtiesContextTestExecutionListener@d56aaa6, org.springframework.boot.test.autoconfigure.web.servlet.MockMvcPrintOnlyOnFailureTestExecutionListener@6972c30a, org.springframework.boot.test.autoconfigure.web.servlet.WebDriverTestExecutionListener@57a48985, org.springframework.boot.test.mock.mockito.MockitoTestExecutionListener@1ab6718, org.springframework.boot.test.autoconfigure.web.client.MockRestServiceServerResetTestExecutionListener@3910fe11, org.springframework.boot.test.autoconfigure.restdocs.RestDocsTestExecutionListener@460510aa, org.springframework.boot.test.mock.mockito.ResetMocksTestExecutionListener@351e414e]
2017-11-28 09:15:36.697 [main] INFO  com.dms.devops.HttpRequestTest - Starting HttpRequestTest on DsMac.local with PID 97300 (started by diego in /Users/diego/Documents/Projects/MicroServicesProj1/SOA-Monolith/ms_orders)
2017-11-28 09:15:36.700 [main] INFO  com.dms.devops.HttpRequestTest - No active profile set, falling back to default profiles: default
2017-11-28 09:15:36.703 [main] INFO  org.springframework.boot.context.embedded.AnnotationConfigEmbeddedWebApplicationContext - Refreshing org.springframework.boot.context.embedded.AnnotationConfigEmbeddedWebApplicationContext@50acf55d: startup date [Tue Nov 28 09:15:36 BRT 2017]; root of context hierarchy
2017-11-28 09:15:36.865 [main] INFO  org.springframework.beans.factory.support.DefaultListableBeanFactory - Overriding bean definition for bean 'requestContextFilter' with a different definition: replacing [Root bean: class [null]; scope=; abstract=false; lazyInit=false; autowireMode=3; dependencyCheck=0; autowireCandidate=true; primary=false; factoryBeanName=org.springframework.boot.autoconfigure.jersey.JerseyAutoConfiguration; factoryMethodName=requestContextFilter; initMethodName=null; destroyMethodName=(inferred); defined in class path resource [org/springframework/boot/autoconfigure/jersey/JerseyAutoConfiguration.class]] with [Root bean: class [org.springframework.boot.autoconfigure.web.WebMvcAutoConfiguration$WebMvcAutoConfigurationAdapter]; scope=; abstract=false; lazyInit=false; autowireMode=3; dependencyCheck=0; autowireCandidate=true; primary=false; factoryBeanName=null; factoryMethodName=requestContextFilter; initMethodName=null; destroyMethodName=(inferred); defined in class path resource [org/springframework/boot/autoconfigure/web/WebMvcAutoConfiguration$WebMvcAutoConfigurationAdapter.class]]
2017-11-28 09:15:36.896 [main] INFO  org.springframework.beans.factory.annotation.AutowiredAnnotationBeanPostProcessor - JSR-330 'javax.inject.Inject' annotation found and supported for autowiring
2017-11-28 09:15:37.440 [main] INFO  org.springframework.boot.context.embedded.tomcat.TomcatEmbeddedServletContainer - Tomcat initialized with port(s): 0 (http)
2017-11-28 09:15:37.468 [main] INFO  org.apache.catalina.core.StandardService - Starting service [Tomcat]
2017-11-28 09:15:37.472 [main] INFO  org.apache.catalina.core.StandardEngine - Starting Servlet Engine: Apache Tomcat/8.5.23
2017-11-28 09:15:37.651 [localhost-startStop-1] INFO  org.apache.catalina.core.ContainerBase.[Tomcat].[localhost].[/] - Initializing Spring embedded WebApplicationContext
2017-11-28 09:15:37.656 [localhost-startStop-1] INFO  org.springframework.web.context.ContextLoader - Root WebApplicationContext: initialization completed in 953 ms
2017-11-28 09:15:37.943 [localhost-startStop-1] INFO  org.springframework.boot.web.servlet.ServletRegistrationBean - Mapping servlet: 'com.dms.devops.ApplicationConfig$JerseyConfig' to [/*]
2017-11-28 09:15:37.948 [localhost-startStop-1] INFO  org.springframework.boot.web.servlet.ServletRegistrationBean - Mapping servlet: 'dispatcherServlet' to [/]
2017-11-28 09:15:37.952 [localhost-startStop-1] INFO  org.springframework.boot.web.servlet.FilterRegistrationBean - Mapping filter: 'characterEncodingFilter' to: [/*]
2017-11-28 09:15:37.954 [localhost-startStop-1] INFO  org.springframework.boot.web.servlet.FilterRegistrationBean - Mapping filter: 'hiddenHttpMethodFilter' to: [/*]
2017-11-28 09:15:37.955 [localhost-startStop-1] INFO  org.springframework.boot.web.servlet.FilterRegistrationBean - Mapping filter: 'httpPutFormContentFilter' to: [/*]
2017-11-28 09:15:37.957 [localhost-startStop-1] INFO  org.springframework.boot.web.servlet.FilterRegistrationBean - Mapping filter: 'requestContextFilter' to: [/*]
2017-11-28 09:15:38.165 [main] INFO  org.springframework.web.servlet.mvc.method.annotation.RequestMappingHandlerAdapter - Looking for @ControllerAdvice: org.springframework.boot.context.embedded.AnnotationConfigEmbeddedWebApplicationContext@50acf55d: startup date [Tue Nov 28 09:15:36 BRT 2017]; root of context hierarchy
2017-11-28 09:15:38.182 [main] INFO  org.springframework.web.servlet.mvc.method.annotation.RequestMappingHandlerMapping - Mapped "{[/error]}" onto public org.springframework.http.ResponseEntity<java.util.Map<java.lang.String, java.lang.Object>> org.springframework.boot.autoconfigure.web.BasicErrorController.error(javax.servlet.http.HttpServletRequest)
2017-11-28 09:15:38.183 [main] INFO  org.springframework.web.servlet.mvc.method.annotation.RequestMappingHandlerMapping - Mapped "{[/error],produces=[text/html]}" onto public org.springframework.web.servlet.ModelAndView org.springframework.boot.autoconfigure.web.BasicErrorController.errorHtml(javax.servlet.http.HttpServletRequest,javax.servlet.http.HttpServletResponse)
2017-11-28 09:15:38.209 [main] INFO  org.springframework.web.servlet.handler.SimpleUrlHandlerMapping - Mapped URL path [/webjars/**] onto handler of type [class org.springframework.web.servlet.resource.ResourceHttpRequestHandler]
2017-11-28 09:15:38.210 [main] INFO  org.springframework.web.servlet.handler.SimpleUrlHandlerMapping - Mapped URL path [/**] onto handler of type [class org.springframework.web.servlet.resource.ResourceHttpRequestHandler]
2017-11-28 09:15:38.240 [main] INFO  org.springframework.web.servlet.handler.SimpleUrlHandlerMapping - Mapped URL path [/**/favicon.ico] onto handler of type [class org.springframework.web.servlet.resource.ResourceHttpRequestHandler]
2017-11-28 09:15:38.344 [main] INFO  org.apache.coyote.http11.Http11NioProtocol - Initializing ProtocolHandler ["http-nio-auto-1"]
2017-11-28 09:15:38.363 [main] INFO  org.apache.coyote.http11.Http11NioProtocol - Starting ProtocolHandler ["http-nio-auto-1"]
2017-11-28 09:15:38.387 [main] INFO  org.apache.tomcat.util.net.NioSelectorPool - Using a shared selector for servlet write/read
2017-11-28 09:15:38.410 [main] INFO  org.springframework.boot.context.embedded.tomcat.TomcatEmbeddedServletContainer - Tomcat started on port(s): 52454 (http)
2017-11-28 09:15:38.413 [main] INFO  com.dms.devops.HttpRequestTest - Started HttpRequestTest in 11.785 seconds (JVM running for 64.564)
2017-11-28 09:15:38.421 [main] INFO  com.dms.devops.rest.PedidoRestService - 

>>> MS_Orders: HttpRequestTest: testAddPedido:

2017-11-28 09:15:39.596 [http-nio-auto-1-exec-1] INFO  com.dms.devops.rest.PedidoRestService - 

>PedidoRestService: adicionaItemPedido: 

2017-11-28 09:15:39.599 [http-nio-auto-1-exec-1] INFO  com.dms.devops.rest.PedidoRestService - 

>O cliente 0 adicionou o produto 0 ao pedido 0

2017-11-28 09:15:39.640 [main] INFO  com.dms.devops.rest.PedidoRestService - 

>>> MS_Orders: HttpRequestTest: ./testAddPedido:
 OK. We were able to create a Pedido.

2017-11-28 09:15:39.646 [main] INFO  com.dms.devops.rest.PedidoRestService - 

>>> MS_Orders: HttpRequestTest: testGetPedidos:

2017-11-28 09:15:39.655 [http-nio-auto-1-exec-2] INFO  com.dms.devops.rest.PedidoRestService - 

>PedidoRestService: buscarPedidos: 

2017-11-28 09:15:39.660 [main] INFO  com.dms.devops.rest.PedidoRestService - 

>>> MS_Orders: HttpRequestTest: ./testGetPedidos:
 OK. We were able to get a list of Pedidos.

2017-11-28 09:15:39.664 [main] INFO  com.dms.devops.rest.PedidoRestService - 

>>> MS_Orders: HttpRequestTest: testGetPedidoByCliente:

2017-11-28 09:15:39.670 [http-nio-auto-1-exec-3] INFO  com.dms.devops.rest.PedidoRestService - 

>PedidoRestService: buscarPedidosPorCliente: 
0
2017-11-28 09:15:39.671 [http-nio-auto-1-exec-3] INFO  com.dms.devops.rest.PedidoRestService - 

>Cliente 0 possui 1 pedidos

2017-11-28 09:15:39.675 [main] INFO  com.dms.devops.rest.PedidoRestService - 

>>> MS_Orders: HttpRequestTest: ./testGetPedidoByCliente:
 OK. We got the Cliente's Pedidos.

2017-11-28 09:15:39.679 [main] INFO  com.dms.devops.rest.PedidoRestService - 

>>> MS_Orders: HttpRequestTest: testPayPedido

2017-11-28 09:15:39.685 [http-nio-auto-1-exec-4] INFO  com.dms.devops.rest.PedidoRestService - 

>PedidoRestService: pagaPedido: 

2017-11-28 09:15:39.686 [http-nio-auto-1-exec-4] INFO  com.dms.devops.rest.PedidoRestService - 

>Pedido 0 efetivado

2017-11-28 09:15:39.691 [main] INFO  com.dms.devops.rest.PedidoRestService - 

>>> MS_Orders: HttpRequestTest: ./testPayPedido
 OK. The status of the Pedido was updated to CONCLUIDO.
2017-11-28 09:15:39.695 [main] INFO  com.dms.devops.rest.PedidoRestService - 

>>> MS_Orders: HttpRequestTest: testCancelPedido

2017-11-28 09:15:39.701 [http-nio-auto-1-exec-5] INFO  com.dms.devops.rest.PedidoRestService - 

>PedidoRestService: cancelaPedido: 

2017-11-28 09:15:39.702 [http-nio-auto-1-exec-5] INFO  com.dms.devops.rest.PedidoRestService - 

>Pedido 0 cancelado

2017-11-28 09:15:39.707 [main] INFO  com.dms.devops.rest.PedidoRestService - 

>>> MS_Orders: HttpRequestTest: ./testCancelPedido
 OK. The status of the Pedido was updated to CANCELADO.
2017-11-28 09:15:39.711 [main] INFO  com.dms.devops.rest.PedidoRestService - 

>>> MS_Orders: HttpRequestTest: testRemoveItemPedido:

2017-11-28 09:15:39.721 [http-nio-auto-1-exec-6] INFO  com.dms.devops.rest.PedidoRestService - 

>PedidoRestService: removeItemPedido: 
0
2017-11-28 09:15:39.723 [http-nio-auto-1-exec-6] INFO  com.dms.devops.rest.PedidoRestService - 

>O cliente 0 removeu o produto 0 do pedido 0

2017-11-28 09:15:39.727 [main] INFO  com.dms.devops.rest.PedidoRestService - 

>>> MS_Orders: HttpRequestTest: ./testRemoveItemPedido:
 OK. We were able to remove an item from the Pedido.

2017-11-28 09:15:39.731 [main] INFO  org.springframework.boot.test.context.SpringBootTestContextBootstrapper - Neither @ContextConfiguration nor @ContextHierarchy found for test class [com.dms.devops.SmokeTest], using SpringBootContextLoader
2017-11-28 09:15:39.733 [main] INFO  org.springframework.test.context.support.AbstractContextLoader - Could not detect default resource locations for test class [com.dms.devops.SmokeTest]: no resource found for suffixes {-context.xml, Context.groovy}.
2017-11-28 09:15:39.734 [main] INFO  org.springframework.test.context.support.AnnotationConfigContextLoaderUtils - Could not detect default configuration classes for test class [com.dms.devops.SmokeTest]: SmokeTest does not declare any static, non-private, non-final, nested classes annotated with @Configuration.
2017-11-28 09:15:39.743 [main] INFO  org.springframework.boot.test.context.SpringBootTestContextBootstrapper - Found @SpringBootConfiguration com.dms.devops.Application for test class com.dms.devops.SmokeTest
2017-11-28 09:15:39.748 [main] INFO  org.springframework.boot.test.context.SpringBootTestContextBootstrapper - Loaded default TestExecutionListener class names from location [META-INF/spring.factories]: [org.springframework.boot.test.mock.mockito.MockitoTestExecutionListener, org.springframework.boot.test.mock.mockito.ResetMocksTestExecutionListener, org.springframework.boot.test.autoconfigure.restdocs.RestDocsTestExecutionListener, org.springframework.boot.test.autoconfigure.web.client.MockRestServiceServerResetTestExecutionListener, org.springframework.boot.test.autoconfigure.web.servlet.MockMvcPrintOnlyOnFailureTestExecutionListener, org.springframework.boot.test.autoconfigure.web.servlet.WebDriverTestExecutionListener, org.springframework.test.context.web.ServletTestExecutionListener, org.springframework.test.context.support.DirtiesContextBeforeModesTestExecutionListener, org.springframework.test.context.support.DependencyInjectionTestExecutionListener, org.springframework.test.context.support.DirtiesContextTestExecutionListener, org.springframework.test.context.transaction.TransactionalTestExecutionListener, org.springframework.test.context.jdbc.SqlScriptsTestExecutionListener]
2017-11-28 09:15:39.755 [main] INFO  org.springframework.boot.test.context.SpringBootTestContextBootstrapper - Could not instantiate TestExecutionListener [org.springframework.test.context.transaction.TransactionalTestExecutionListener]. Specify custom listener classes or make the default listener classes (and their required dependencies) available. Offending class: [org/springframework/transaction/interceptor/TransactionAttributeSource]
2017-11-28 09:15:39.757 [main] INFO  org.springframework.boot.test.context.SpringBootTestContextBootstrapper - Could not instantiate TestExecutionListener [org.springframework.test.context.jdbc.SqlScriptsTestExecutionListener]. Specify custom listener classes or make the default listener classes (and their required dependencies) available. Offending class: [org/springframework/transaction/interceptor/TransactionAttribute]
2017-11-28 09:15:39.759 [main] INFO  org.springframework.boot.test.context.SpringBootTestContextBootstrapper - Using TestExecutionListeners: [org.springframework.test.context.web.ServletTestExecutionListener@26cb5207, org.springframework.test.context.support.DirtiesContextBeforeModesTestExecutionListener@15400fff, org.springframework.boot.test.autoconfigure.SpringBootDependencyInjectionTestExecutionListener@18d910b3, org.springframework.test.context.support.DirtiesContextTestExecutionListener@1e7ab390, org.springframework.boot.test.autoconfigure.web.servlet.MockMvcPrintOnlyOnFailureTestExecutionListener@625d9132, org.springframework.boot.test.autoconfigure.web.servlet.WebDriverTestExecutionListener@77774571, org.springframework.boot.test.mock.mockito.MockitoTestExecutionListener@277b8fa4, org.springframework.boot.test.autoconfigure.web.client.MockRestServiceServerResetTestExecutionListener@6cd64ee8, org.springframework.boot.test.autoconfigure.restdocs.RestDocsTestExecutionListener@620c8641, org.springframework.boot.test.mock.mockito.ResetMocksTestExecutionListener@2f1d0bbc]
2017-11-28 09:15:39.875 [Thread-2] INFO  org.springframework.web.context.support.GenericWebApplicationContext - Closing org.springframework.web.context.support.GenericWebApplicationContext@57ad2aa7: startup date [Tue Nov 28 09:15:24 BRT 2017]; root of context hierarchy
2017-11-28 09:15:39.875 [Thread-5] INFO  org.springframework.boot.context.embedded.AnnotationConfigEmbeddedWebApplicationContext - Closing org.springframework.boot.context.embedded.AnnotationConfigEmbeddedWebApplicationContext@50acf55d: startup date [Tue Nov 28 09:15:36 BRT 2017]; root of context hierarchy
