2017-12-03 09:47:11.404 [main] INFO  org.springframework.boot.test.context.SpringBootTestContextBootstrapper - Neither @ContextConfiguration nor @ContextHierarchy found for test class [com.dms.devops.ApplicationTest], using SpringBootContextLoader
2017-12-03 09:47:11.435 [main] INFO  org.springframework.test.context.support.AbstractContextLoader - Could not detect default resource locations for test class [com.dms.devops.ApplicationTest]: no resource found for suffixes {-context.xml, Context.groovy}.
2017-12-03 09:47:11.437 [main] INFO  org.springframework.test.context.support.AnnotationConfigContextLoaderUtils - Could not detect default configuration classes for test class [com.dms.devops.ApplicationTest]: ApplicationTest does not declare any static, non-private, non-final, nested classes annotated with @Configuration.
2017-12-03 09:47:11.704 [main] INFO  org.springframework.boot.test.context.SpringBootTestContextBootstrapper - Found @SpringBootConfiguration com.dms.devops.Application for test class com.dms.devops.ApplicationTest
2017-12-03 09:47:11.712 [main] INFO  org.springframework.boot.test.context.SpringBootTestContextBootstrapper - Loaded default TestExecutionListener class names from location [META-INF/spring.factories]: [org.springframework.boot.test.mock.mockito.MockitoTestExecutionListener, org.springframework.boot.test.mock.mockito.ResetMocksTestExecutionListener, org.springframework.boot.test.autoconfigure.restdocs.RestDocsTestExecutionListener, org.springframework.boot.test.autoconfigure.web.client.MockRestServiceServerResetTestExecutionListener, org.springframework.boot.test.autoconfigure.web.servlet.MockMvcPrintOnlyOnFailureTestExecutionListener, org.springframework.boot.test.autoconfigure.web.servlet.WebDriverTestExecutionListener, org.springframework.test.context.web.ServletTestExecutionListener, org.springframework.test.context.support.DirtiesContextBeforeModesTestExecutionListener, org.springframework.test.context.support.DependencyInjectionTestExecutionListener, org.springframework.test.context.support.DirtiesContextTestExecutionListener, org.springframework.test.context.transaction.TransactionalTestExecutionListener, org.springframework.test.context.jdbc.SqlScriptsTestExecutionListener]
2017-12-03 09:47:11.736 [main] INFO  org.springframework.boot.test.context.SpringBootTestContextBootstrapper - Could not instantiate TestExecutionListener [org.springframework.test.context.transaction.TransactionalTestExecutionListener]. Specify custom listener classes or make the default listener classes (and their required dependencies) available. Offending class: [org/springframework/transaction/interceptor/TransactionAttributeSource]
2017-12-03 09:47:11.737 [main] INFO  org.springframework.boot.test.context.SpringBootTestContextBootstrapper - Could not instantiate TestExecutionListener [org.springframework.test.context.jdbc.SqlScriptsTestExecutionListener]. Specify custom listener classes or make the default listener classes (and their required dependencies) available. Offending class: [org/springframework/transaction/interceptor/TransactionAttribute]
2017-12-03 09:47:11.753 [main] INFO  org.springframework.boot.test.context.SpringBootTestContextBootstrapper - Using TestExecutionListeners: [org.springframework.test.context.web.ServletTestExecutionListener@f2ff811, org.springframework.test.context.support.DirtiesContextBeforeModesTestExecutionListener@568ff82, org.springframework.boot.test.autoconfigure.SpringBootDependencyInjectionTestExecutionListener@50caa560, org.springframework.test.context.support.DirtiesContextTestExecutionListener@2a266d09, org.springframework.boot.test.mock.mockito.ResetMocksTestExecutionListener@5ab9e72c, org.springframework.boot.test.autoconfigure.web.servlet.MockMvcPrintOnlyOnFailureTestExecutionListener@186f8716, org.springframework.boot.test.mock.mockito.MockitoTestExecutionListener@1d8bd0de, org.springframework.boot.test.autoconfigure.web.client.MockRestServiceServerResetTestExecutionListener@45ca843, org.springframework.boot.test.autoconfigure.restdocs.RestDocsTestExecutionListener@11c9af63, org.springframework.boot.test.autoconfigure.web.servlet.WebDriverTestExecutionListener@757acd7b]
2017-12-03 09:47:11.765 [main] INFO  org.springframework.boot.test.context.SpringBootTestContextBootstrapper - Neither @ContextConfiguration nor @ContextHierarchy found for test class [com.dms.devops.HttpRequestTest], using SpringBootContextLoader
2017-12-03 09:47:11.766 [main] INFO  org.springframework.test.context.support.AbstractContextLoader - Could not detect default resource locations for test class [com.dms.devops.HttpRequestTest]: no resource found for suffixes {-context.xml, Context.groovy}.
2017-12-03 09:47:11.767 [main] INFO  org.springframework.test.context.support.AnnotationConfigContextLoaderUtils - Could not detect default configuration classes for test class [com.dms.devops.HttpRequestTest]: HttpRequestTest does not declare any static, non-private, non-final, nested classes annotated with @Configuration.
2017-12-03 09:47:11.777 [main] INFO  org.springframework.boot.test.context.SpringBootTestContextBootstrapper - Found @SpringBootConfiguration com.dms.devops.Application for test class com.dms.devops.HttpRequestTest
2017-12-03 09:47:11.783 [main] INFO  org.springframework.boot.test.context.SpringBootTestContextBootstrapper - Loaded default TestExecutionListener class names from location [META-INF/spring.factories]: [org.springframework.boot.test.mock.mockito.MockitoTestExecutionListener, org.springframework.boot.test.mock.mockito.ResetMocksTestExecutionListener, org.springframework.boot.test.autoconfigure.restdocs.RestDocsTestExecutionListener, org.springframework.boot.test.autoconfigure.web.client.MockRestServiceServerResetTestExecutionListener, org.springframework.boot.test.autoconfigure.web.servlet.MockMvcPrintOnlyOnFailureTestExecutionListener, org.springframework.boot.test.autoconfigure.web.servlet.WebDriverTestExecutionListener, org.springframework.test.context.web.ServletTestExecutionListener, org.springframework.test.context.support.DirtiesContextBeforeModesTestExecutionListener, org.springframework.test.context.support.DependencyInjectionTestExecutionListener, org.springframework.test.context.support.DirtiesContextTestExecutionListener, org.springframework.test.context.transaction.TransactionalTestExecutionListener, org.springframework.test.context.jdbc.SqlScriptsTestExecutionListener]
2017-12-03 09:47:11.786 [main] INFO  org.springframework.boot.test.context.SpringBootTestContextBootstrapper - Could not instantiate TestExecutionListener [org.springframework.test.context.transaction.TransactionalTestExecutionListener]. Specify custom listener classes or make the default listener classes (and their required dependencies) available. Offending class: [org/springframework/transaction/interceptor/TransactionAttributeSource]
2017-12-03 09:47:11.787 [main] INFO  org.springframework.boot.test.context.SpringBootTestContextBootstrapper - Could not instantiate TestExecutionListener [org.springframework.test.context.jdbc.SqlScriptsTestExecutionListener]. Specify custom listener classes or make the default listener classes (and their required dependencies) available. Offending class: [org/springframework/transaction/interceptor/TransactionAttribute]
2017-12-03 09:47:11.788 [main] INFO  org.springframework.boot.test.context.SpringBootTestContextBootstrapper - Using TestExecutionListeners: [org.springframework.test.context.web.ServletTestExecutionListener@770d3326, org.springframework.test.context.support.DirtiesContextBeforeModesTestExecutionListener@4cc8eb05, org.springframework.boot.test.autoconfigure.SpringBootDependencyInjectionTestExecutionListener@51f116b8, org.springframework.test.context.support.DirtiesContextTestExecutionListener@19d481b, org.springframework.boot.test.mock.mockito.ResetMocksTestExecutionListener@1f97cf0d, org.springframework.boot.test.autoconfigure.web.servlet.MockMvcPrintOnlyOnFailureTestExecutionListener@140c9f39, org.springframework.boot.test.mock.mockito.MockitoTestExecutionListener@4d910fd6, org.springframework.boot.test.autoconfigure.web.client.MockRestServiceServerResetTestExecutionListener@26275bef, org.springframework.boot.test.autoconfigure.restdocs.RestDocsTestExecutionListener@7690781, org.springframework.boot.test.autoconfigure.web.servlet.WebDriverTestExecutionListener@77eca502]
2017-12-03 09:47:11.793 [main] INFO  org.springframework.boot.test.context.SpringBootTestContextBootstrapper - Neither @ContextConfiguration nor @ContextHierarchy found for test class [com.dms.devops.SmokeTest], using SpringBootContextLoader
2017-12-03 09:47:11.795 [main] INFO  org.springframework.test.context.support.AbstractContextLoader - Could not detect default resource locations for test class [com.dms.devops.SmokeTest]: no resource found for suffixes {-context.xml, Context.groovy}.
2017-12-03 09:47:11.795 [main] INFO  org.springframework.test.context.support.AnnotationConfigContextLoaderUtils - Could not detect default configuration classes for test class [com.dms.devops.SmokeTest]: SmokeTest does not declare any static, non-private, non-final, nested classes annotated with @Configuration.
2017-12-03 09:47:11.802 [main] INFO  org.springframework.boot.test.context.SpringBootTestContextBootstrapper - Found @SpringBootConfiguration com.dms.devops.Application for test class com.dms.devops.SmokeTest
2017-12-03 09:47:11.809 [main] INFO  org.springframework.boot.test.context.SpringBootTestContextBootstrapper - Loaded default TestExecutionListener class names from location [META-INF/spring.factories]: [org.springframework.boot.test.mock.mockito.MockitoTestExecutionListener, org.springframework.boot.test.mock.mockito.ResetMocksTestExecutionListener, org.springframework.boot.test.autoconfigure.restdocs.RestDocsTestExecutionListener, org.springframework.boot.test.autoconfigure.web.client.MockRestServiceServerResetTestExecutionListener, org.springframework.boot.test.autoconfigure.web.servlet.MockMvcPrintOnlyOnFailureTestExecutionListener, org.springframework.boot.test.autoconfigure.web.servlet.WebDriverTestExecutionListener, org.springframework.test.context.web.ServletTestExecutionListener, org.springframework.test.context.support.DirtiesContextBeforeModesTestExecutionListener, org.springframework.test.context.support.DependencyInjectionTestExecutionListener, org.springframework.test.context.support.DirtiesContextTestExecutionListener, org.springframework.test.context.transaction.TransactionalTestExecutionListener, org.springframework.test.context.jdbc.SqlScriptsTestExecutionListener]
2017-12-03 09:47:11.817 [main] INFO  org.springframework.boot.test.context.SpringBootTestContextBootstrapper - Could not instantiate TestExecutionListener [org.springframework.test.context.transaction.TransactionalTestExecutionListener]. Specify custom listener classes or make the default listener classes (and their required dependencies) available. Offending class: [org/springframework/transaction/interceptor/TransactionAttributeSource]
2017-12-03 09:47:11.820 [main] INFO  org.springframework.boot.test.context.SpringBootTestContextBootstrapper - Could not instantiate TestExecutionListener [org.springframework.test.context.jdbc.SqlScriptsTestExecutionListener]. Specify custom listener classes or make the default listener classes (and their required dependencies) available. Offending class: [org/springframework/transaction/interceptor/TransactionAttribute]
2017-12-03 09:47:11.821 [main] INFO  org.springframework.boot.test.context.SpringBootTestContextBootstrapper - Using TestExecutionListeners: [org.springframework.test.context.web.ServletTestExecutionListener@b62d79, org.springframework.test.context.support.DirtiesContextBeforeModesTestExecutionListener@6631f5ca, org.springframework.boot.test.autoconfigure.SpringBootDependencyInjectionTestExecutionListener@5ace1ed4, org.springframework.test.context.support.DirtiesContextTestExecutionListener@1613674b, org.springframework.boot.test.mock.mockito.ResetMocksTestExecutionListener@27ff5d15, org.springframework.boot.test.autoconfigure.web.servlet.MockMvcPrintOnlyOnFailureTestExecutionListener@4e096385, org.springframework.boot.test.mock.mockito.MockitoTestExecutionListener@649bec2e, org.springframework.boot.test.autoconfigure.web.client.MockRestServiceServerResetTestExecutionListener@693fe6c9, org.springframework.boot.test.autoconfigure.restdocs.RestDocsTestExecutionListener@34f5090e, org.springframework.boot.test.autoconfigure.web.servlet.WebDriverTestExecutionListener@31e5415e]
2017-12-03 09:47:11.837 [main] INFO  org.springframework.boot.test.context.SpringBootTestContextBootstrapper - Neither @ContextConfiguration nor @ContextHierarchy found for test class [com.dms.devops.ApplicationTest], using SpringBootContextLoader
2017-12-03 09:47:11.838 [main] INFO  org.springframework.test.context.support.AbstractContextLoader - Could not detect default resource locations for test class [com.dms.devops.ApplicationTest]: no resource found for suffixes {-context.xml, Context.groovy}.
2017-12-03 09:47:11.839 [main] INFO  org.springframework.test.context.support.AnnotationConfigContextLoaderUtils - Could not detect default configuration classes for test class [com.dms.devops.ApplicationTest]: ApplicationTest does not declare any static, non-private, non-final, nested classes annotated with @Configuration.
2017-12-03 09:47:11.846 [main] INFO  org.springframework.boot.test.context.SpringBootTestContextBootstrapper - Found @SpringBootConfiguration com.dms.devops.Application for test class com.dms.devops.ApplicationTest
2017-12-03 09:47:11.851 [main] INFO  org.springframework.boot.test.context.SpringBootTestContextBootstrapper - Loaded default TestExecutionListener class names from location [META-INF/spring.factories]: [org.springframework.boot.test.mock.mockito.MockitoTestExecutionListener, org.springframework.boot.test.mock.mockito.ResetMocksTestExecutionListener, org.springframework.boot.test.autoconfigure.restdocs.RestDocsTestExecutionListener, org.springframework.boot.test.autoconfigure.web.client.MockRestServiceServerResetTestExecutionListener, org.springframework.boot.test.autoconfigure.web.servlet.MockMvcPrintOnlyOnFailureTestExecutionListener, org.springframework.boot.test.autoconfigure.web.servlet.WebDriverTestExecutionListener, org.springframework.test.context.web.ServletTestExecutionListener, org.springframework.test.context.support.DirtiesContextBeforeModesTestExecutionListener, org.springframework.test.context.support.DependencyInjectionTestExecutionListener, org.springframework.test.context.support.DirtiesContextTestExecutionListener, org.springframework.test.context.transaction.TransactionalTestExecutionListener, org.springframework.test.context.jdbc.SqlScriptsTestExecutionListener]
2017-12-03 09:47:11.855 [main] INFO  org.springframework.boot.test.context.SpringBootTestContextBootstrapper - Could not instantiate TestExecutionListener [org.springframework.test.context.transaction.TransactionalTestExecutionListener]. Specify custom listener classes or make the default listener classes (and their required dependencies) available. Offending class: [org/springframework/transaction/interceptor/TransactionAttributeSource]
2017-12-03 09:47:11.857 [main] INFO  org.springframework.boot.test.context.SpringBootTestContextBootstrapper - Could not instantiate TestExecutionListener [org.springframework.test.context.jdbc.SqlScriptsTestExecutionListener]. Specify custom listener classes or make the default listener classes (and their required dependencies) available. Offending class: [org/springframework/transaction/interceptor/TransactionAttribute]
2017-12-03 09:47:11.860 [main] INFO  org.springframework.boot.test.context.SpringBootTestContextBootstrapper - Using TestExecutionListeners: [org.springframework.test.context.web.ServletTestExecutionListener@32b260fa, org.springframework.test.context.support.DirtiesContextBeforeModesTestExecutionListener@581ac8a8, org.springframework.boot.test.autoconfigure.SpringBootDependencyInjectionTestExecutionListener@6d4e5011, org.springframework.test.context.support.DirtiesContextTestExecutionListener@57d7f8ca, org.springframework.boot.test.mock.mockito.ResetMocksTestExecutionListener@76c3e77a, org.springframework.boot.test.autoconfigure.web.servlet.MockMvcPrintOnlyOnFailureTestExecutionListener@78123e82, org.springframework.boot.test.mock.mockito.MockitoTestExecutionListener@67c33749, org.springframework.boot.test.autoconfigure.web.client.MockRestServiceServerResetTestExecutionListener@fba92d3, org.springframework.boot.test.autoconfigure.restdocs.RestDocsTestExecutionListener@662b4c69, org.springframework.boot.test.autoconfigure.web.servlet.WebDriverTestExecutionListener@fa49800]
2017-12-03 09:47:22.914 [background-preinit] INFO  org.hibernate.validator.internal.util.Version - HV000001: Hibernate Validator 5.3.5.Final
2017-12-03 09:47:27.396 [main] INFO  com.dms.devops.ApplicationTest - Starting ApplicationTest on DsMac.local with PID 5319 (started by diego in /Users/diego/Documents/Projects/MicroServicesProj1/SOA-Monolith/ms_orders/app)
2017-12-03 09:47:27.397 [main] INFO  com.dms.devops.ApplicationTest - No active profile set, falling back to default profiles: default
2017-12-03 09:47:27.454 [main] INFO  org.springframework.web.context.support.GenericWebApplicationContext - Refreshing org.springframework.web.context.support.GenericWebApplicationContext@352ff4da: startup date [Sun Dec 03 09:47:27 BRT 2017]; root of context hierarchy
2017-12-03 09:47:28.186 [main] INFO  org.springframework.beans.factory.support.DefaultListableBeanFactory - Overriding bean definition for bean 'requestContextFilter' with a different definition: replacing [Root bean: class [null]; scope=; abstract=false; lazyInit=false; autowireMode=3; dependencyCheck=0; autowireCandidate=true; primary=false; factoryBeanName=org.springframework.boot.autoconfigure.jersey.JerseyAutoConfiguration; factoryMethodName=requestContextFilter; initMethodName=null; destroyMethodName=(inferred); defined in class path resource [org/springframework/boot/autoconfigure/jersey/JerseyAutoConfiguration.class]] with [Root bean: class [org.springframework.boot.autoconfigure.web.WebMvcAutoConfiguration$WebMvcAutoConfigurationAdapter]; scope=; abstract=false; lazyInit=false; autowireMode=3; dependencyCheck=0; autowireCandidate=true; primary=false; factoryBeanName=null; factoryMethodName=requestContextFilter; initMethodName=null; destroyMethodName=(inferred); defined in class path resource [org/springframework/boot/autoconfigure/web/WebMvcAutoConfiguration$WebMvcAutoConfigurationAdapter.class]]
2017-12-03 09:47:28.600 [main] INFO  org.springframework.beans.factory.annotation.AutowiredAnnotationBeanPostProcessor - JSR-330 'javax.inject.Inject' annotation found and supported for autowiring
2017-12-03 09:47:30.105 [main] INFO  org.springframework.web.servlet.mvc.method.annotation.RequestMappingHandlerAdapter - Looking for @ControllerAdvice: org.springframework.web.context.support.GenericWebApplicationContext@352ff4da: startup date [Sun Dec 03 09:47:27 BRT 2017]; root of context hierarchy
2017-12-03 09:47:30.269 [main] INFO  org.springframework.web.servlet.mvc.method.annotation.RequestMappingHandlerMapping - Mapped "{[/error]}" onto public org.springframework.http.ResponseEntity<java.util.Map<java.lang.String, java.lang.Object>> org.springframework.boot.autoconfigure.web.BasicErrorController.error(javax.servlet.http.HttpServletRequest)
2017-12-03 09:47:30.271 [main] INFO  org.springframework.web.servlet.mvc.method.annotation.RequestMappingHandlerMapping - Mapped "{[/error],produces=[text/html]}" onto public org.springframework.web.servlet.ModelAndView org.springframework.boot.autoconfigure.web.BasicErrorController.errorHtml(javax.servlet.http.HttpServletRequest,javax.servlet.http.HttpServletResponse)
2017-12-03 09:47:30.329 [main] INFO  org.springframework.web.servlet.handler.SimpleUrlHandlerMapping - Mapped URL path [/webjars/**] onto handler of type [class org.springframework.web.servlet.resource.ResourceHttpRequestHandler]
2017-12-03 09:47:30.330 [main] INFO  org.springframework.web.servlet.handler.SimpleUrlHandlerMapping - Mapped URL path [/**] onto handler of type [class org.springframework.web.servlet.resource.ResourceHttpRequestHandler]
2017-12-03 09:47:30.405 [main] INFO  org.springframework.web.servlet.handler.SimpleUrlHandlerMapping - Mapped URL path [/**/favicon.ico] onto handler of type [class org.springframework.web.servlet.resource.ResourceHttpRequestHandler]
2017-12-03 09:47:30.631 [main] INFO  com.dms.devops.ApplicationTest - Started ApplicationTest in 18.623 seconds (JVM running for 26.078)
2017-12-03 09:47:30.738 [main] INFO  org.springframework.boot.test.context.SpringBootTestContextBootstrapper - Neither @ContextConfiguration nor @ContextHierarchy found for test class [com.dms.devops.HttpRequestTest], using SpringBootContextLoader
2017-12-03 09:47:30.738 [main] INFO  org.springframework.test.context.support.AbstractContextLoader - Could not detect default resource locations for test class [com.dms.devops.HttpRequestTest]: no resource found for suffixes {-context.xml, Context.groovy}.
2017-12-03 09:47:30.738 [main] INFO  org.springframework.test.context.support.AnnotationConfigContextLoaderUtils - Could not detect default configuration classes for test class [com.dms.devops.HttpRequestTest]: HttpRequestTest does not declare any static, non-private, non-final, nested classes annotated with @Configuration.
2017-12-03 09:47:30.741 [main] INFO  org.springframework.boot.test.context.SpringBootTestContextBootstrapper - Found @SpringBootConfiguration com.dms.devops.Application for test class com.dms.devops.HttpRequestTest
2017-12-03 09:47:30.747 [main] INFO  org.springframework.boot.test.context.SpringBootTestContextBootstrapper - Loaded default TestExecutionListener class names from location [META-INF/spring.factories]: [org.springframework.boot.test.mock.mockito.MockitoTestExecutionListener, org.springframework.boot.test.mock.mockito.ResetMocksTestExecutionListener, org.springframework.boot.test.autoconfigure.restdocs.RestDocsTestExecutionListener, org.springframework.boot.test.autoconfigure.web.client.MockRestServiceServerResetTestExecutionListener, org.springframework.boot.test.autoconfigure.web.servlet.MockMvcPrintOnlyOnFailureTestExecutionListener, org.springframework.boot.test.autoconfigure.web.servlet.WebDriverTestExecutionListener, org.springframework.test.context.web.ServletTestExecutionListener, org.springframework.test.context.support.DirtiesContextBeforeModesTestExecutionListener, org.springframework.test.context.support.DependencyInjectionTestExecutionListener, org.springframework.test.context.support.DirtiesContextTestExecutionListener, org.springframework.test.context.transaction.TransactionalTestExecutionListener, org.springframework.test.context.jdbc.SqlScriptsTestExecutionListener]
2017-12-03 09:47:30.753 [main] INFO  org.springframework.boot.test.context.SpringBootTestContextBootstrapper - Could not instantiate TestExecutionListener [org.springframework.test.context.transaction.TransactionalTestExecutionListener]. Specify custom listener classes or make the default listener classes (and their required dependencies) available. Offending class: [org/springframework/transaction/interceptor/TransactionAttributeSource]
2017-12-03 09:47:30.754 [main] INFO  org.springframework.boot.test.context.SpringBootTestContextBootstrapper - Could not instantiate TestExecutionListener [org.springframework.test.context.jdbc.SqlScriptsTestExecutionListener]. Specify custom listener classes or make the default listener classes (and their required dependencies) available. Offending class: [org/springframework/transaction/interceptor/TransactionAttribute]
2017-12-03 09:47:30.754 [main] INFO  org.springframework.boot.test.context.SpringBootTestContextBootstrapper - Using TestExecutionListeners: [org.springframework.test.context.web.ServletTestExecutionListener@50a3d0f6, org.springframework.test.context.support.DirtiesContextBeforeModesTestExecutionListener@6e57b5e9, org.springframework.boot.test.autoconfigure.SpringBootDependencyInjectionTestExecutionListener@1abc9f14, org.springframework.test.context.support.DirtiesContextTestExecutionListener@6a0ac48e, org.springframework.boot.test.mock.mockito.ResetMocksTestExecutionListener@24e08d59, org.springframework.boot.test.autoconfigure.web.servlet.MockMvcPrintOnlyOnFailureTestExecutionListener@77cb9cd1, org.springframework.boot.test.mock.mockito.MockitoTestExecutionListener@971e903, org.springframework.boot.test.autoconfigure.web.client.MockRestServiceServerResetTestExecutionListener@35636217, org.springframework.boot.test.autoconfigure.restdocs.RestDocsTestExecutionListener@1549bba7, org.springframework.boot.test.autoconfigure.web.servlet.WebDriverTestExecutionListener@3e4f80cb]
2017-12-03 09:47:40.854 [main] INFO  com.dms.devops.HttpRequestTest - Starting HttpRequestTest on DsMac.local with PID 5319 (started by diego in /Users/diego/Documents/Projects/MicroServicesProj1/SOA-Monolith/ms_orders/app)
2017-12-03 09:47:40.856 [main] INFO  com.dms.devops.HttpRequestTest - No active profile set, falling back to default profiles: default
2017-12-03 09:47:40.858 [main] INFO  org.springframework.boot.context.embedded.AnnotationConfigEmbeddedWebApplicationContext - Refreshing org.springframework.boot.context.embedded.AnnotationConfigEmbeddedWebApplicationContext@5cbd159f: startup date [Sun Dec 03 09:47:40 BRT 2017]; root of context hierarchy
2017-12-03 09:47:41.148 [main] INFO  org.springframework.beans.factory.support.DefaultListableBeanFactory - Overriding bean definition for bean 'requestContextFilter' with a different definition: replacing [Root bean: class [null]; scope=; abstract=false; lazyInit=false; autowireMode=3; dependencyCheck=0; autowireCandidate=true; primary=false; factoryBeanName=org.springframework.boot.autoconfigure.jersey.JerseyAutoConfiguration; factoryMethodName=requestContextFilter; initMethodName=null; destroyMethodName=(inferred); defined in class path resource [org/springframework/boot/autoconfigure/jersey/JerseyAutoConfiguration.class]] with [Root bean: class [org.springframework.boot.autoconfigure.web.WebMvcAutoConfiguration$WebMvcAutoConfigurationAdapter]; scope=; abstract=false; lazyInit=false; autowireMode=3; dependencyCheck=0; autowireCandidate=true; primary=false; factoryBeanName=null; factoryMethodName=requestContextFilter; initMethodName=null; destroyMethodName=(inferred); defined in class path resource [org/springframework/boot/autoconfigure/web/WebMvcAutoConfiguration$WebMvcAutoConfigurationAdapter.class]]
2017-12-03 09:47:41.200 [main] INFO  org.springframework.beans.factory.annotation.AutowiredAnnotationBeanPostProcessor - JSR-330 'javax.inject.Inject' annotation found and supported for autowiring
2017-12-03 09:47:41.783 [main] INFO  org.springframework.boot.context.embedded.tomcat.TomcatEmbeddedServletContainer - Tomcat initialized with port(s): 0 (http)
2017-12-03 09:47:41.805 [main] INFO  org.apache.catalina.core.StandardService - Starting service [Tomcat]
2017-12-03 09:47:41.807 [main] INFO  org.apache.catalina.core.StandardEngine - Starting Servlet Engine: Apache Tomcat/8.5.23
2017-12-03 09:47:41.996 [localhost-startStop-1] INFO  org.apache.catalina.core.ContainerBase.[Tomcat].[localhost].[/] - Initializing Spring embedded WebApplicationContext
2017-12-03 09:47:41.996 [localhost-startStop-1] INFO  org.springframework.web.context.ContextLoader - Root WebApplicationContext: initialization completed in 1138 ms
2017-12-03 09:47:42.226 [localhost-startStop-1] INFO  org.springframework.boot.web.servlet.ServletRegistrationBean - Mapping servlet: 'com.dms.devops.ApplicationConfig$JerseyConfig' to [/*]
2017-12-03 09:47:42.231 [localhost-startStop-1] INFO  org.springframework.boot.web.servlet.ServletRegistrationBean - Mapping servlet: 'dispatcherServlet' to [/]
2017-12-03 09:47:42.236 [localhost-startStop-1] INFO  org.springframework.boot.web.servlet.FilterRegistrationBean - Mapping filter: 'characterEncodingFilter' to: [/*]
2017-12-03 09:47:42.237 [localhost-startStop-1] INFO  org.springframework.boot.web.servlet.FilterRegistrationBean - Mapping filter: 'hiddenHttpMethodFilter' to: [/*]
2017-12-03 09:47:42.237 [localhost-startStop-1] INFO  org.springframework.boot.web.servlet.FilterRegistrationBean - Mapping filter: 'httpPutFormContentFilter' to: [/*]
2017-12-03 09:47:42.237 [localhost-startStop-1] INFO  org.springframework.boot.web.servlet.FilterRegistrationBean - Mapping filter: 'requestContextFilter' to: [/*]
2017-12-03 09:47:42.523 [main] INFO  org.springframework.web.servlet.mvc.method.annotation.RequestMappingHandlerAdapter - Looking for @ControllerAdvice: org.springframework.boot.context.embedded.AnnotationConfigEmbeddedWebApplicationContext@5cbd159f: startup date [Sun Dec 03 09:47:40 BRT 2017]; root of context hierarchy
2017-12-03 09:47:42.545 [main] INFO  org.springframework.web.servlet.mvc.method.annotation.RequestMappingHandlerMapping - Mapped "{[/error]}" onto public org.springframework.http.ResponseEntity<java.util.Map<java.lang.String, java.lang.Object>> org.springframework.boot.autoconfigure.web.BasicErrorController.error(javax.servlet.http.HttpServletRequest)
2017-12-03 09:47:42.545 [main] INFO  org.springframework.web.servlet.mvc.method.annotation.RequestMappingHandlerMapping - Mapped "{[/error],produces=[text/html]}" onto public org.springframework.web.servlet.ModelAndView org.springframework.boot.autoconfigure.web.BasicErrorController.errorHtml(javax.servlet.http.HttpServletRequest,javax.servlet.http.HttpServletResponse)
2017-12-03 09:47:42.576 [main] INFO  org.springframework.web.servlet.handler.SimpleUrlHandlerMapping - Mapped URL path [/webjars/**] onto handler of type [class org.springframework.web.servlet.resource.ResourceHttpRequestHandler]
2017-12-03 09:47:42.577 [main] INFO  org.springframework.web.servlet.handler.SimpleUrlHandlerMapping - Mapped URL path [/**] onto handler of type [class org.springframework.web.servlet.resource.ResourceHttpRequestHandler]
2017-12-03 09:47:42.614 [main] INFO  org.springframework.web.servlet.handler.SimpleUrlHandlerMapping - Mapped URL path [/**/favicon.ico] onto handler of type [class org.springframework.web.servlet.resource.ResourceHttpRequestHandler]
2017-12-03 09:47:42.744 [main] INFO  org.apache.coyote.http11.Http11NioProtocol - Initializing ProtocolHandler ["http-nio-auto-1"]
2017-12-03 09:47:42.771 [main] INFO  org.apache.coyote.http11.Http11NioProtocol - Starting ProtocolHandler ["http-nio-auto-1"]
2017-12-03 09:47:42.832 [main] INFO  org.apache.tomcat.util.net.NioSelectorPool - Using a shared selector for servlet write/read
2017-12-03 09:47:42.868 [main] INFO  org.springframework.boot.context.embedded.tomcat.TomcatEmbeddedServletContainer - Tomcat started on port(s): 65437 (http)
2017-12-03 09:47:42.871 [main] INFO  com.dms.devops.HttpRequestTest - Started HttpRequestTest in 12.102 seconds (JVM running for 38.317)
2017-12-03 09:47:42.885 [main] INFO  com.dms.devops.rest.PedidoRestService - 

>>> MS_Orders: HttpRequestTest: testAddPedido:

2017-12-03 09:47:44.602 [http-nio-auto-1-exec-1] INFO  com.dms.devops.rest.PedidoRestService - 

>PedidoRestService: adicionaItemPedido: 

2017-12-03 09:47:44.602 [http-nio-auto-1-exec-1] INFO  com.dms.devops.rest.PedidoRestService - 

>O cliente 0 adicionou o produto 0 ao pedido 0

2017-12-03 09:47:44.665 [main] INFO  com.dms.devops.rest.PedidoRestService - 

>>> MS_Orders: HttpRequestTest: ./testAddPedido:
 OK. We were able to create a Pedido.

2017-12-03 09:47:44.669 [main] INFO  com.dms.devops.rest.PedidoRestService - 

>>> MS_Orders: HttpRequestTest: testGetPedidos:

2017-12-03 09:47:44.680 [http-nio-auto-1-exec-2] INFO  com.dms.devops.rest.PedidoRestService - 

>PedidoRestService: buscarPedidos: 

2017-12-03 09:47:44.684 [main] INFO  com.dms.devops.rest.PedidoRestService - 

>>> MS_Orders: HttpRequestTest: ./testGetPedidos:
 OK. We were able to get a list of Pedidos.

2017-12-03 09:47:44.688 [main] INFO  com.dms.devops.rest.PedidoRestService - 

>>> MS_Orders: HttpRequestTest: testGetPedidoByCliente:

2017-12-03 09:47:44.695 [http-nio-auto-1-exec-3] INFO  com.dms.devops.rest.PedidoRestService - 

>PedidoRestService: buscarPedidosPorCliente: 
0
2017-12-03 09:47:44.695 [http-nio-auto-1-exec-3] INFO  com.dms.devops.rest.PedidoRestService - 

>Cliente 0 possui 1 pedidos

2017-12-03 09:47:44.698 [main] INFO  com.dms.devops.rest.PedidoRestService - 

>>> MS_Orders: HttpRequestTest: ./testGetPedidoByCliente:
 OK. We got the Cliente's Pedidos.

2017-12-03 09:47:44.702 [main] INFO  com.dms.devops.rest.PedidoRestService - 

>>> MS_Orders: HttpRequestTest: testPayPedido

2017-12-03 09:47:44.706 [http-nio-auto-1-exec-4] INFO  com.dms.devops.rest.PedidoRestService - 

>PedidoRestService: pagaPedido: 

2017-12-03 09:47:44.706 [http-nio-auto-1-exec-4] INFO  com.dms.devops.rest.PedidoRestService - 

>Pedido 0 efetivado

2017-12-03 09:47:44.708 [main] INFO  com.dms.devops.rest.PedidoRestService - 

>>> MS_Orders: HttpRequestTest: ./testPayPedido
 OK. The status of the Pedido was updated to CONCLUIDO.
2017-12-03 09:47:44.714 [main] INFO  com.dms.devops.rest.PedidoRestService - 

>>> MS_Orders: HttpRequestTest: testCancelPedido

2017-12-03 09:47:44.718 [http-nio-auto-1-exec-5] INFO  com.dms.devops.rest.PedidoRestService - 

>PedidoRestService: cancelaPedido: 

2017-12-03 09:47:44.718 [http-nio-auto-1-exec-5] INFO  com.dms.devops.rest.PedidoRestService - 

>Pedido 0 cancelado

2017-12-03 09:47:44.720 [main] INFO  com.dms.devops.rest.PedidoRestService - 

>>> MS_Orders: HttpRequestTest: ./testCancelPedido
 OK. The status of the Pedido was updated to CANCELADO.
2017-12-03 09:47:44.724 [main] INFO  com.dms.devops.rest.PedidoRestService - 

>>> MS_Orders: HttpRequestTest: testRemoveItemPedido:

2017-12-03 09:47:44.732 [http-nio-auto-1-exec-6] INFO  com.dms.devops.rest.PedidoRestService - 

>PedidoRestService: removeItemPedido: 
0
2017-12-03 09:47:44.733 [http-nio-auto-1-exec-6] INFO  com.dms.devops.rest.PedidoRestService - 

>O cliente 0 removeu o produto 0 do pedido 0

2017-12-03 09:47:44.735 [main] INFO  com.dms.devops.rest.PedidoRestService - 

>>> MS_Orders: HttpRequestTest: ./testRemoveItemPedido:
 OK. We were able to remove an item from the Pedido.

2017-12-03 09:47:44.738 [main] INFO  org.springframework.boot.test.context.SpringBootTestContextBootstrapper - Neither @ContextConfiguration nor @ContextHierarchy found for test class [com.dms.devops.SmokeTest], using SpringBootContextLoader
2017-12-03 09:47:44.739 [main] INFO  org.springframework.test.context.support.AbstractContextLoader - Could not detect default resource locations for test class [com.dms.devops.SmokeTest]: no resource found for suffixes {-context.xml, Context.groovy}.
2017-12-03 09:47:44.740 [main] INFO  org.springframework.test.context.support.AnnotationConfigContextLoaderUtils - Could not detect default configuration classes for test class [com.dms.devops.SmokeTest]: SmokeTest does not declare any static, non-private, non-final, nested classes annotated with @Configuration.
2017-12-03 09:47:44.746 [main] INFO  org.springframework.boot.test.context.SpringBootTestContextBootstrapper - Found @SpringBootConfiguration com.dms.devops.Application for test class com.dms.devops.SmokeTest
2017-12-03 09:47:44.750 [main] INFO  org.springframework.boot.test.context.SpringBootTestContextBootstrapper - Loaded default TestExecutionListener class names from location [META-INF/spring.factories]: [org.springframework.boot.test.mock.mockito.MockitoTestExecutionListener, org.springframework.boot.test.mock.mockito.ResetMocksTestExecutionListener, org.springframework.boot.test.autoconfigure.restdocs.RestDocsTestExecutionListener, org.springframework.boot.test.autoconfigure.web.client.MockRestServiceServerResetTestExecutionListener, org.springframework.boot.test.autoconfigure.web.servlet.MockMvcPrintOnlyOnFailureTestExecutionListener, org.springframework.boot.test.autoconfigure.web.servlet.WebDriverTestExecutionListener, org.springframework.test.context.web.ServletTestExecutionListener, org.springframework.test.context.support.DirtiesContextBeforeModesTestExecutionListener, org.springframework.test.context.support.DependencyInjectionTestExecutionListener, org.springframework.test.context.support.DirtiesContextTestExecutionListener, org.springframework.test.context.transaction.TransactionalTestExecutionListener, org.springframework.test.context.jdbc.SqlScriptsTestExecutionListener]
2017-12-03 09:47:44.753 [main] INFO  org.springframework.boot.test.context.SpringBootTestContextBootstrapper - Could not instantiate TestExecutionListener [org.springframework.test.context.transaction.TransactionalTestExecutionListener]. Specify custom listener classes or make the default listener classes (and their required dependencies) available. Offending class: [org/springframework/transaction/interceptor/TransactionAttributeSource]
2017-12-03 09:47:44.754 [main] INFO  org.springframework.boot.test.context.SpringBootTestContextBootstrapper - Could not instantiate TestExecutionListener [org.springframework.test.context.jdbc.SqlScriptsTestExecutionListener]. Specify custom listener classes or make the default listener classes (and their required dependencies) available. Offending class: [org/springframework/transaction/interceptor/TransactionAttribute]
2017-12-03 09:47:44.754 [main] INFO  org.springframework.boot.test.context.SpringBootTestContextBootstrapper - Using TestExecutionListeners: [org.springframework.test.context.web.ServletTestExecutionListener@767191b1, org.springframework.test.context.support.DirtiesContextBeforeModesTestExecutionListener@34d52ecd, org.springframework.boot.test.autoconfigure.SpringBootDependencyInjectionTestExecutionListener@5d21202d, org.springframework.test.context.support.DirtiesContextTestExecutionListener@14b789f6, org.springframework.boot.test.mock.mockito.ResetMocksTestExecutionListener@6eb17ec8, org.springframework.boot.test.autoconfigure.web.servlet.MockMvcPrintOnlyOnFailureTestExecutionListener@730f9695, org.springframework.boot.test.mock.mockito.MockitoTestExecutionListener@277bf091, org.springframework.boot.test.autoconfigure.web.client.MockRestServiceServerResetTestExecutionListener@fab35b1, org.springframework.boot.test.autoconfigure.restdocs.RestDocsTestExecutionListener@6a094db2, org.springframework.boot.test.autoconfigure.web.servlet.WebDriverTestExecutionListener@65bdd558]
2017-12-03 09:47:44.872 [Thread-5] INFO  org.springframework.boot.context.embedded.AnnotationConfigEmbeddedWebApplicationContext - Closing org.springframework.boot.context.embedded.AnnotationConfigEmbeddedWebApplicationContext@5cbd159f: startup date [Sun Dec 03 09:47:40 BRT 2017]; root of context hierarchy
